<?xml version="1.0" encoding="UTF-8"?>
<!-- Generated by org.testng.reporters.JUnitReportReporter -->
<testsuite hostname="LAPTOP-DN31N8B6" failures="0" tests="1" name="bhikshapathi.dryRun" time="0.010" errors="0" timestamp="2024-06-18T12:42:20 IST" skipped="0">
  <testcase classname="bhikshapathi.dryRun" name="dryran" time="0.010"/>
  <system-out/>
</testsuite> <!-- bhikshapathi.dryRun -->
