<?xml version="1.0" encoding="UTF-8"?>
<!-- Generated by org.testng.reporters.JUnitReportReporter -->
<testsuite hostname="LAPTOP-DN31N8B6" failures="0" tests="4" name="bhikshapathi.dataProviderExample" time="17.411" errors="0" timestamp="2021-10-26T22:00:15 IST" skipped="0">
  <testcase classname="bhikshapathi.dataProviderExample" name="loginTest" time="2.632"/>
  <system-out/>
  <testcase classname="bhikshapathi.dataProviderExample" name="loginTest" time="7.876"/>
  <system-out/>
  <testcase classname="bhikshapathi.dataProviderExample" name="loginTest" time="2.664"/>
  <system-out/>
  <testcase classname="bhikshapathi.dataProviderExample" name="loginTest" time="4.239"/>
  <system-out/>
</testsuite> <!-- bhikshapathi.dataProviderExample -->
